----------

Mon Mar 15 2021 15:47:53 GMT+0100 (GMT+01:00)

'git' is not recognized as an internal or external command,
operable program or batch file.


----------

Mon Mar 15 2021 15:47:53 GMT+0100 (GMT+01:00)

'git' is not recognized as an internal or external command,
operable program or batch file.
'git' is not recognized as an internal or external command,
operable program or batch file.


----------

Mon Mar 15 2021 15:51:25 GMT+0100 (GMT+01:00)

'git' is not recognized as an internal or external command,
operable program or batch file.


----------

Mon Mar 15 2021 15:51:25 GMT+0100 (GMT+01:00)

'git' is not recognized as an internal or external command,
operable program or batch file.
'git' is not recognized as an internal or external command,
operable program or batch file.


----------

Mon Mar 15 2021 15:52:18 GMT+0100 (GMT+01:00)

'git' is not recognized as an internal or external command,
operable program or batch file.


----------

Mon Mar 15 2021 15:52:18 GMT+0100 (GMT+01:00)

'git' is not recognized as an internal or external command,
operable program or batch file.
'git' is not recognized as an internal or external command,
operable program or batch file.


----------

Mon Mar 15 2021 15:55:39 GMT+0100 (GMT+01:00)

'git' is not recognized as an internal or external command,
operable program or batch file.


----------

Mon Mar 15 2021 15:55:39 GMT+0100 (GMT+01:00)

'git' is not recognized as an internal or external command,
operable program or batch file.
'git' is not recognized as an internal or external command,
operable program or batch file.


----------

Mon Mar 15 2021 15:56:28 GMT+0100 (GMT+01:00)

'git' is not recognized as an internal or external command,
operable program or batch file.


----------

Mon Mar 15 2021 15:56:28 GMT+0100 (GMT+01:00)

'git' is not recognized as an internal or external command,
operable program or batch file.
'git' is not recognized as an internal or external command,
operable program or batch file.


----------

Tue Mar 16 2021 09:40:03 GMT+0100 (GMT+01:00)

warning: LF will be replaced by CRLF in assets/bootstrap/css/bootstrap.min.css.
The file will have its original line endings in your working directory


----------

Tue Mar 16 2021 09:40:03 GMT+0100 (GMT+01:00)

warning: LF will be replaced by CRLF in assets/bootstrap/js/bootstrap.min.js.
The file will have its original line endings in your working directory
warning: LF will be replaced by CRLF in assets/css/styles.css.
The file will have its original line endings in your working directory


----------

Tue Mar 16 2021 09:40:03 GMT+0100 (GMT+01:00)

warning: LF will be replaced by CRLF in assets/fonts/Simple-Line-Icons.svg.
The file will have its original line endings in your working directory
warning: LF will be replaced by CRLF in assets/fonts/font-awesome.min.css.
The file will have its original line endings in your working directory


----------

Tue Mar 16 2021 09:40:03 GMT+0100 (GMT+01:00)

warning: LF will be replaced by CRLF in assets/fonts/fontawesome-webfont.svg.
The file will have its original line endings in your working directory


----------

Tue Mar 16 2021 09:40:03 GMT+0100 (GMT+01:00)

warning: LF will be replaced by CRLF in assets/img/return-on-investment.svg.
The file will have its original line endings in your working directory


----------

Tue Mar 16 2021 09:40:04 GMT+0100 (GMT+01:00)

warning: LF will be replaced by CRLF in assets/js/jquery.min.js.
The file will have its original line endings in your working directory


----------

Tue Mar 16 2021 09:40:04 GMT+0100 (GMT+01:00)

warning: LF will be replaced by CRLF in index.html.
The file will have its original line endings in your working directory


----------

Tue Mar 16 2021 09:40:04 GMT+0100 (GMT+01:00)

error: src refspec main does not match any
error: failed to push some refs to 'https://github.com/migart/adshock'


----------

Tue Mar 16 2021 09:42:43 GMT+0100 (GMT+01:00)

warning: LF will be replaced by CRLF in assets/bootstrap/css/bootstrap.min.css.
The file will have its original line endings in your working directory


----------

Tue Mar 16 2021 09:42:43 GMT+0100 (GMT+01:00)

warning: LF will be replaced by CRLF in assets/bootstrap/js/bootstrap.min.js.
The file will have its original line endings in your working directory
warning: LF will be replaced by CRLF in assets/css/styles.css.
The file will have its original line endings in your working directory


----------

Tue Mar 16 2021 09:42:43 GMT+0100 (GMT+01:00)

warning: LF will be replaced by CRLF in assets/fonts/Simple-Line-Icons.svg.
The file will have its original line endings in your working directory
warning: LF will be replaced by CRLF in assets/fonts/font-awesome.min.css.
The file will have its original line endings in your working directory


----------

Tue Mar 16 2021 09:42:43 GMT+0100 (GMT+01:00)

warning: LF will be replaced by CRLF in assets/fonts/fontawesome-webfont.svg.
The file will have its original line endings in your working directory


----------

Tue Mar 16 2021 09:42:43 GMT+0100 (GMT+01:00)

warning: LF will be replaced by CRLF in assets/img/return-on-investment.svg.
The file will have its original line endings in your working directory


----------

Tue Mar 16 2021 09:42:43 GMT+0100 (GMT+01:00)

warning: LF will be replaced by CRLF in assets/js/jquery.min.js.
The file will have its original line endings in your working directory


----------

Tue Mar 16 2021 09:42:43 GMT+0100 (GMT+01:00)

warning: LF will be replaced by CRLF in error.log.
The file will have its original line endings in your working directory
warning: LF will be replaced by CRLF in index.html.
The file will have its original line endings in your working directory


----------

Tue Mar 16 2021 09:42:43 GMT+0100 (GMT+01:00)

error: src refspec main does not match any
error: failed to push some refs to 'https://github.com/migart/adshock'


----------

Tue Mar 16 2021 09:42:46 GMT+0100 (GMT+01:00)

warning: LF will be replaced by CRLF in assets/bootstrap/css/bootstrap.min.css.
The file will have its original line endings in your working directory


----------

Tue Mar 16 2021 09:42:46 GMT+0100 (GMT+01:00)

warning: LF will be replaced by CRLF in assets/bootstrap/js/bootstrap.min.js.
The file will have its original line endings in your working directory
warning: LF will be replaced by CRLF in assets/css/styles.css.
The file will have its original line endings in your working directory


----------

Tue Mar 16 2021 09:42:46 GMT+0100 (GMT+01:00)

warning: LF will be replaced by CRLF in assets/fonts/Simple-Line-Icons.svg.
The file will have its original line endings in your working directory
warning: LF will be replaced by CRLF in assets/fonts/font-awesome.min.css.
The file will have its original line endings in your working directory


----------

Tue Mar 16 2021 09:42:46 GMT+0100 (GMT+01:00)

warning: LF will be replaced by CRLF in assets/fonts/fontawesome-webfont.svg.
The file will have its original line endings in your working directory


----------

Tue Mar 16 2021 09:42:46 GMT+0100 (GMT+01:00)

warning: LF will be replaced by CRLF in assets/img/return-on-investment.svg.
The file will have its original line endings in your working directory


----------

Tue Mar 16 2021 09:42:46 GMT+0100 (GMT+01:00)

warning: LF will be replaced by CRLF in assets/js/jquery.min.js.
The file will have its original line endings in your working directory


----------

Tue Mar 16 2021 09:42:46 GMT+0100 (GMT+01:00)

warning: LF will be replaced by CRLF in error.log.
The file will have its original line endings in your working directory
warning: LF will be replaced by CRLF in index.html.
The file will have its original line endings in your working directory


----------

Tue Mar 16 2021 09:42:47 GMT+0100 (GMT+01:00)

error: src refspec main does not match any
error: failed to push some refs to 'https://github.com/migart/adshock'


----------

Tue Mar 16 2021 09:45:29 GMT+0100 (GMT+01:00)

warning: LF will be replaced by CRLF in assets/bootstrap/css/bootstrap.min.css.
The file will have its original line endings in your working directory


----------

Tue Mar 16 2021 09:45:29 GMT+0100 (GMT+01:00)

warning: LF will be replaced by CRLF in assets/bootstrap/js/bootstrap.min.js.
The file will have its original line endings in your working directory
warning: LF will be replaced by CRLF in assets/css/styles.css.
The file will have its original line endings in your working directory
warning: LF will be replaced by CRLF in assets/fonts/Simple-Line-Icons.svg.
The file will have its original line endings in your working directory


----------

Tue Mar 16 2021 09:45:29 GMT+0100 (GMT+01:00)

warning: LF will be replaced by CRLF in assets/fonts/font-awesome.min.css.
The file will have its original line endings in your working directory


----------

Tue Mar 16 2021 09:45:29 GMT+0100 (GMT+01:00)

warning: LF will be replaced by CRLF in assets/fonts/fontawesome-webfont.svg.
The file will have its original line endings in your working directory


----------

Tue Mar 16 2021 09:45:29 GMT+0100 (GMT+01:00)

warning: LF will be replaced by CRLF in assets/img/return-on-investment.svg.
The file will have its original line endings in your working directory


----------

Tue Mar 16 2021 09:45:29 GMT+0100 (GMT+01:00)

warning: LF will be replaced by CRLF in assets/js/jquery.min.js.
The file will have its original line endings in your working directory


----------

Tue Mar 16 2021 09:45:29 GMT+0100 (GMT+01:00)

warning: LF will be replaced by CRLF in error.log.
The file will have its original line endings in your working directory
warning: LF will be replaced by CRLF in index.html.
The file will have its original line endings in your working directory


----------

Tue Mar 16 2021 09:45:29 GMT+0100 (GMT+01:00)

error: src refspec main does not match any
error: failed to push some refs to 'https://github.com/migart/adshock'


----------

Tue Mar 16 2021 09:48:51 GMT+0100 (GMT+01:00)

warning: LF will be replaced by CRLF in assets/bootstrap/css/bootstrap.min.css.
The file will have its original line endings in your working directory


----------

Tue Mar 16 2021 09:48:51 GMT+0100 (GMT+01:00)

warning: LF will be replaced by CRLF in assets/bootstrap/js/bootstrap.min.js.
The file will have its original line endings in your working directory
warning: LF will be replaced by CRLF in assets/css/styles.css.
The file will have its original line endings in your working directory
warning: LF will be replaced by CRLF in assets/fonts/Simple-Line-Icons.svg.
The file will have its original line endings in your working directory


----------

Tue Mar 16 2021 09:48:51 GMT+0100 (GMT+01:00)

warning: LF will be replaced by CRLF in assets/fonts/font-awesome.min.css.
The file will have its original line endings in your working directory


----------

Tue Mar 16 2021 09:48:51 GMT+0100 (GMT+01:00)

warning: LF will be replaced by CRLF in assets/fonts/fontawesome-webfont.svg.
The file will have its original line endings in your working directory


----------

Tue Mar 16 2021 09:48:51 GMT+0100 (GMT+01:00)

warning: LF will be replaced by CRLF in assets/img/return-on-investment.svg.
The file will have its original line endings in your working directory


----------

Tue Mar 16 2021 09:48:51 GMT+0100 (GMT+01:00)

warning: LF will be replaced by CRLF in assets/js/jquery.min.js.
The file will have its original line endings in your working directory


----------

Tue Mar 16 2021 09:48:51 GMT+0100 (GMT+01:00)

warning: LF will be replaced by CRLF in index.html.
The file will have its original line endings in your working directory


----------

Tue Mar 16 2021 09:48:51 GMT+0100 (GMT+01:00)

error: src refspec main does not match any
error: failed to push some refs to 'https://github.com/migart/adshock'


----------

Tue Mar 16 2021 09:50:22 GMT+0100 (GMT+01:00)

warning: LF will be replaced by CRLF in assets/bootstrap/css/bootstrap.min.css.
The file will have its original line endings in your working directory


----------

Tue Mar 16 2021 09:50:22 GMT+0100 (GMT+01:00)

warning: LF will be replaced by CRLF in assets/bootstrap/js/bootstrap.min.js.
The file will have its original line endings in your working directory
warning: LF will be replaced by CRLF in assets/css/styles.css.
The file will have its original line endings in your working directory


----------

Tue Mar 16 2021 09:50:22 GMT+0100 (GMT+01:00)

warning: LF will be replaced by CRLF in assets/fonts/Simple-Line-Icons.svg.
The file will have its original line endings in your working directory
warning: LF will be replaced by CRLF in assets/fonts/font-awesome.min.css.
The file will have its original line endings in your working directory


----------

Tue Mar 16 2021 09:50:22 GMT+0100 (GMT+01:00)

warning: LF will be replaced by CRLF in assets/fonts/fontawesome-webfont.svg.
The file will have its original line endings in your working directory


----------

Tue Mar 16 2021 09:50:22 GMT+0100 (GMT+01:00)

warning: LF will be replaced by CRLF in assets/img/return-on-investment.svg.
The file will have its original line endings in your working directory


----------

Tue Mar 16 2021 09:50:22 GMT+0100 (GMT+01:00)

warning: LF will be replaced by CRLF in assets/js/jquery.min.js.
The file will have its original line endings in your working directory


----------

Tue Mar 16 2021 09:50:22 GMT+0100 (GMT+01:00)

warning: LF will be replaced by CRLF in error.log.
The file will have its original line endings in your working directory
warning: LF will be replaced by CRLF in index.html.
The file will have its original line endings in your working directory


----------

Tue Mar 16 2021 09:50:22 GMT+0100 (GMT+01:00)

error: src refspec main does not match any
error: failed to push some refs to 'https://github.com/migart/adshock'


----------

Thu Mar 18 2021 10:24:34 GMT+0100 (GMT+01:00)

warning: LF will be replaced by CRLF in assets/bootstrap/css/bootstrap.min.css.
The file will have its original line endings in your working directory


----------

Thu Mar 18 2021 10:24:34 GMT+0100 (GMT+01:00)

warning: LF will be replaced by CRLF in assets/bootstrap/js/bootstrap.min.js.
The file will have its original line endings in your working directory
warning: LF will be replaced by CRLF in assets/css/styles.css.
The file will have its original line endings in your working directory


----------

Thu Mar 18 2021 10:24:34 GMT+0100 (GMT+01:00)

warning: LF will be replaced by CRLF in assets/fonts/Simple-Line-Icons.svg.
The file will have its original line endings in your working directory


----------

Thu Mar 18 2021 10:24:34 GMT+0100 (GMT+01:00)

warning: LF will be replaced by CRLF in assets/fonts/font-awesome.min.css.
The file will have its original line endings in your working directory
warning: LF will be replaced by CRLF in assets/fonts/fontawesome-webfont.svg.
The file will have its original line endings in your working directory


----------

Thu Mar 18 2021 10:24:34 GMT+0100 (GMT+01:00)

warning: LF will be replaced by CRLF in assets/img/return-on-investment.svg.
The file will have its original line endings in your working directory


----------

Thu Mar 18 2021 10:24:34 GMT+0100 (GMT+01:00)

warning: LF will be replaced by CRLF in assets/js/jquery.min.js.
The file will have its original line endings in your working directory


----------

Thu Mar 18 2021 10:24:34 GMT+0100 (GMT+01:00)

warning: LF will be replaced by CRLF in index.html.
The file will have its original line endings in your working directory


----------

Thu Mar 18 2021 10:24:34 GMT+0100 (GMT+01:00)

error: src refspec main does not match any
error: failed to push some refs to 'https://github.com/migart/adshock'


----------

Thu Mar 18 2021 10:30:30 GMT+0100 (GMT+01:00)

warning: LF will be replaced by CRLF in assets/bootstrap/css/bootstrap.min.css.
The file will have its original line endings in your working directory


----------

Thu Mar 18 2021 10:30:30 GMT+0100 (GMT+01:00)

warning: LF will be replaced by CRLF in assets/bootstrap/js/bootstrap.min.js.
The file will have its original line endings in your working directory
warning: LF will be replaced by CRLF in assets/css/styles.css.
The file will have its original line endings in your working directory


----------

Thu Mar 18 2021 10:30:30 GMT+0100 (GMT+01:00)

warning: LF will be replaced by CRLF in assets/fonts/Simple-Line-Icons.svg.
The file will have its original line endings in your working directory


----------

Thu Mar 18 2021 10:30:30 GMT+0100 (GMT+01:00)

warning: LF will be replaced by CRLF in assets/fonts/font-awesome.min.css.
The file will have its original line endings in your working directory


----------

Thu Mar 18 2021 10:30:30 GMT+0100 (GMT+01:00)

warning: LF will be replaced by CRLF in assets/fonts/fontawesome-webfont.svg.
The file will have its original line endings in your working directory


----------

Thu Mar 18 2021 10:30:30 GMT+0100 (GMT+01:00)

warning: LF will be replaced by CRLF in assets/img/return-on-investment.svg.
The file will have its original line endings in your working directory


----------

Thu Mar 18 2021 10:30:30 GMT+0100 (GMT+01:00)

warning: LF will be replaced by CRLF in assets/js/jquery.min.js.
The file will have its original line endings in your working directory


----------

Thu Mar 18 2021 10:30:30 GMT+0100 (GMT+01:00)

warning: LF will be replaced by CRLF in error.log.
The file will have its original line endings in your working directory
warning: LF will be replaced by CRLF in index.html.
The file will have its original line endings in your working directory


----------

Thu Mar 18 2021 10:30:31 GMT+0100 (GMT+01:00)

error: src refspec main does not match any
error: failed to push some refs to 'https://github.com/migart/adshock'


----------

Thu Mar 18 2021 10:34:53 GMT+0100 (GMT+01:00)

warning: LF will be replaced by CRLF in assets/bootstrap/css/bootstrap.min.css.
The file will have its original line endings in your working directory


----------

Thu Mar 18 2021 10:34:53 GMT+0100 (GMT+01:00)

warning: LF will be replaced by CRLF in assets/bootstrap/js/bootstrap.min.js.
The file will have its original line endings in your working directory
warning: LF will be replaced by CRLF in assets/css/styles.css.
The file will have its original line endings in your working directory


----------

Thu Mar 18 2021 10:34:53 GMT+0100 (GMT+01:00)

warning: LF will be replaced by CRLF in assets/fonts/Simple-Line-Icons.svg.
The file will have its original line endings in your working directory
warning: LF will be replaced by CRLF in assets/fonts/font-awesome.min.css.
The file will have its original line endings in your working directory


----------

Thu Mar 18 2021 10:34:53 GMT+0100 (GMT+01:00)

warning: LF will be replaced by CRLF in assets/fonts/fontawesome-webfont.svg.
The file will have its original line endings in your working directory


----------

Thu Mar 18 2021 10:34:53 GMT+0100 (GMT+01:00)

warning: LF will be replaced by CRLF in assets/img/return-on-investment.svg.
The file will have its original line endings in your working directory


----------

Thu Mar 18 2021 10:34:53 GMT+0100 (GMT+01:00)

warning: LF will be replaced by CRLF in assets/js/jquery.min.js.
The file will have its original line endings in your working directory


----------

Thu Mar 18 2021 10:34:53 GMT+0100 (GMT+01:00)

warning: LF will be replaced by CRLF in error.log.
The file will have its original line endings in your working directory
warning: LF will be replaced by CRLF in index.html.
The file will have its original line endings in your working directory


----------

Thu Mar 18 2021 10:34:53 GMT+0100 (GMT+01:00)

error: src refspec main does not match any
error: failed to push some refs to 'https://github.com/migart/adshock'


----------

Thu Mar 18 2021 10:39:27 GMT+0100 (GMT+01:00)

warning: LF will be replaced by CRLF in assets/bootstrap/css/bootstrap.min.css.
The file will have its original line endings in your working directory


----------

Thu Mar 18 2021 10:39:27 GMT+0100 (GMT+01:00)

warning: LF will be replaced by CRLF in assets/bootstrap/js/bootstrap.min.js.
The file will have its original line endings in your working directory
warning: LF will be replaced by CRLF in assets/css/styles.css.
The file will have its original line endings in your working directory


----------

Thu Mar 18 2021 10:39:27 GMT+0100 (GMT+01:00)

warning: LF will be replaced by CRLF in assets/fonts/Simple-Line-Icons.svg.
The file will have its original line endings in your working directory
warning: LF will be replaced by CRLF in assets/fonts/font-awesome.min.css.
The file will have its original line endings in your working directory


----------

Thu Mar 18 2021 10:39:27 GMT+0100 (GMT+01:00)

warning: LF will be replaced by CRLF in assets/fonts/fontawesome-webfont.svg.
The file will have its original line endings in your working directory


----------

Thu Mar 18 2021 10:39:27 GMT+0100 (GMT+01:00)

warning: LF will be replaced by CRLF in assets/img/return-on-investment.svg.
The file will have its original line endings in your working directory


----------

Thu Mar 18 2021 10:39:27 GMT+0100 (GMT+01:00)

warning: LF will be replaced by CRLF in assets/js/jquery.min.js.
The file will have its original line endings in your working directory


----------

Thu Mar 18 2021 10:39:27 GMT+0100 (GMT+01:00)

warning: LF will be replaced by CRLF in error.log.
The file will have its original line endings in your working directory
warning: LF will be replaced by CRLF in index.html.
The file will have its original line endings in your working directory


----------

Thu Mar 18 2021 10:39:27 GMT+0100 (GMT+01:00)

error: src refspec main does not match any
error: failed to push some refs to 'https://github.com/migart/adshock'


----------

Thu Mar 18 2021 10:40:59 GMT+0100 (GMT+01:00)

warning: LF will be replaced by CRLF in assets/bootstrap/css/bootstrap.min.css.
The file will have its original line endings in your working directory


----------

Thu Mar 18 2021 10:40:59 GMT+0100 (GMT+01:00)

warning: LF will be replaced by CRLF in assets/bootstrap/js/bootstrap.min.js.
The file will have its original line endings in your working directory
warning: LF will be replaced by CRLF in assets/css/styles.css.
The file will have its original line endings in your working directory
warning: LF will be replaced by CRLF in assets/fonts/Simple-Line-Icons.svg.
The file will have its original line endings in your working directory


----------

Thu Mar 18 2021 10:40:59 GMT+0100 (GMT+01:00)

warning: LF will be replaced by CRLF in assets/fonts/font-awesome.min.css.
The file will have its original line endings in your working directory
warning: LF will be replaced by CRLF in assets/fonts/fontawesome-webfont.svg.
The file will have its original line endings in your working directory


----------

Thu Mar 18 2021 10:40:59 GMT+0100 (GMT+01:00)

warning: LF will be replaced by CRLF in assets/img/return-on-investment.svg.
The file will have its original line endings in your working directory


----------

Thu Mar 18 2021 10:40:59 GMT+0100 (GMT+01:00)

warning: LF will be replaced by CRLF in assets/js/jquery.min.js.
The file will have its original line endings in your working directory


----------

Thu Mar 18 2021 10:40:59 GMT+0100 (GMT+01:00)

warning: LF will be replaced by CRLF in error.log.
The file will have its original line endings in your working directory
warning: LF will be replaced by CRLF in index.html.
The file will have its original line endings in your working directory


----------

Thu Mar 18 2021 10:40:59 GMT+0100 (GMT+01:00)

error: src refspec main does not match any
error: failed to push some refs to 'https://github.com/migart/adshock'


----------

Thu Mar 18 2021 10:49:53 GMT+0100 (GMT+01:00)

warning: LF will be replaced by CRLF in assets/bootstrap/css/bootstrap.min.css.
The file will have its original line endings in your working directory


----------

Thu Mar 18 2021 10:49:53 GMT+0100 (GMT+01:00)

warning: LF will be replaced by CRLF in assets/bootstrap/js/bootstrap.min.js.
The file will have its original line endings in your working directory
warning: LF will be replaced by CRLF in assets/css/styles.css.
The file will have its original line endings in your working directory


----------

Thu Mar 18 2021 10:49:53 GMT+0100 (GMT+01:00)

warning: LF will be replaced by CRLF in assets/fonts/Simple-Line-Icons.svg.
The file will have its original line endings in your working directory
warning: LF will be replaced by CRLF in assets/fonts/font-awesome.min.css.
The file will have its original line endings in your working directory


----------

Thu Mar 18 2021 10:49:53 GMT+0100 (GMT+01:00)

warning: LF will be replaced by CRLF in assets/fonts/fontawesome-webfont.svg.
The file will have its original line endings in your working directory


----------

Thu Mar 18 2021 10:49:53 GMT+0100 (GMT+01:00)

warning: LF will be replaced by CRLF in assets/img/return-on-investment.svg.
The file will have its original line endings in your working directory


----------

Thu Mar 18 2021 10:49:53 GMT+0100 (GMT+01:00)

warning: LF will be replaced by CRLF in assets/js/jquery.min.js.
The file will have its original line endings in your working directory


----------

Thu Mar 18 2021 10:49:53 GMT+0100 (GMT+01:00)

warning: LF will be replaced by CRLF in error.log.
The file will have its original line endings in your working directory
warning: LF will be replaced by CRLF in index.html.
The file will have its original line endings in your working directory


----------

Thu Mar 18 2021 10:49:53 GMT+0100 (GMT+01:00)

error: src refspec main does not match any
error: failed to push some refs to 'https://github.com/migart/adshock'


----------

Thu Mar 18 2021 11:24:45 GMT+0100 (GMT+01:00)

warning: LF will be replaced by CRLF in assets/bootstrap/css/bootstrap.min.css.
The file will have its original line endings in your working directory


----------

Thu Mar 18 2021 11:24:45 GMT+0100 (GMT+01:00)

warning: LF will be replaced by CRLF in assets/bootstrap/js/bootstrap.min.js.
The file will have its original line endings in your working directory
warning: LF will be replaced by CRLF in assets/css/styles.css.
The file will have its original line endings in your working directory


----------

Thu Mar 18 2021 11:24:45 GMT+0100 (GMT+01:00)

warning: LF will be replaced by CRLF in assets/fonts/Simple-Line-Icons.svg.
The file will have its original line endings in your working directory
warning: LF will be replaced by CRLF in assets/fonts/font-awesome.min.css.
The file will have its original line endings in your working directory


----------

Thu Mar 18 2021 11:24:45 GMT+0100 (GMT+01:00)

warning: LF will be replaced by CRLF in assets/fonts/fontawesome-webfont.svg.
The file will have its original line endings in your working directory


----------

Thu Mar 18 2021 11:24:45 GMT+0100 (GMT+01:00)

warning: LF will be replaced by CRLF in assets/img/return-on-investment.svg.
The file will have its original line endings in your working directory


----------

Thu Mar 18 2021 11:24:45 GMT+0100 (GMT+01:00)

warning: LF will be replaced by CRLF in assets/js/jquery.min.js.
The file will have its original line endings in your working directory


----------

Thu Mar 18 2021 11:24:46 GMT+0100 (GMT+01:00)

warning: LF will be replaced by CRLF in error.log.
The file will have its original line endings in your working directory
warning: LF will be replaced by CRLF in index.html.
The file will have its original line endings in your working directory


----------

Thu Mar 18 2021 11:24:46 GMT+0100 (GMT+01:00)

error: src refspec main does not match any
error: failed to push some refs to 'https://github.com/migart/adshock'


----------

Thu Mar 18 2021 11:32:42 GMT+0100 (GMT+01:00)

warning: LF will be replaced by CRLF in assets/bootstrap/css/bootstrap.min.css.
The file will have its original line endings in your working directory


----------

Thu Mar 18 2021 11:32:42 GMT+0100 (GMT+01:00)

warning: LF will be replaced by CRLF in assets/bootstrap/js/bootstrap.min.js.
The file will have its original line endings in your working directory
warning: LF will be replaced by CRLF in assets/css/styles.css.
The file will have its original line endings in your working directory


----------

Thu Mar 18 2021 11:32:42 GMT+0100 (GMT+01:00)

warning: LF will be replaced by CRLF in assets/fonts/Simple-Line-Icons.svg.
The file will have its original line endings in your working directory
warning: LF will be replaced by CRLF in assets/fonts/font-awesome.min.css.
The file will have its original line endings in your working directory


----------

Thu Mar 18 2021 11:32:42 GMT+0100 (GMT+01:00)

warning: LF will be replaced by CRLF in assets/fonts/fontawesome-webfont.svg.
The file will have its original line endings in your working directory


----------

Thu Mar 18 2021 11:32:42 GMT+0100 (GMT+01:00)

warning: LF will be replaced by CRLF in assets/img/return-on-investment.svg.
The file will have its original line endings in your working directory


----------

Thu Mar 18 2021 11:32:42 GMT+0100 (GMT+01:00)

warning: LF will be replaced by CRLF in assets/js/jquery.min.js.
The file will have its original line endings in your working directory


----------

Thu Mar 18 2021 11:32:42 GMT+0100 (GMT+01:00)

warning: LF will be replaced by CRLF in error.log.
The file will have its original line endings in your working directory
warning: LF will be replaced by CRLF in index.html.
The file will have its original line endings in your working directory


----------

Thu Mar 18 2021 11:32:42 GMT+0100 (GMT+01:00)

error: src refspec main does not match any
error: failed to push some refs to 'https://github.com/migart/adshock'


